<?xml version="1.0" encoding="UTF-8"?>
<testsuite name="infra.configuration.FrameExtractorConfigurationTest" tests="1" skipped="0" failures="0" errors="0" timestamp="2025-04-21T17:49:00" hostname="DESKTOP-224A39E" time="0.004">
  <properties/>
  <testcase name="shouldCreateJCodecFrameServiceBeanSuccessfully()" classname="infra.configuration.FrameExtractorConfigurationTest" time="0.004"/>
  <system-out><![CDATA[]]></system-out>
  <system-err><![CDATA[]]></system-err>
</testsuite>
