<?xml version="1.0" encoding="UTF-8"?>
<testsuite name="infra.services.impl.JCodecFrameServiceImplTest" tests="6" skipped="0" failures="0" errors="0" timestamp="2025-04-21T17:49:02" hostname="DESKTOP-224A39E" time="0.103">
  <properties/>
  <testcase name="shouldThrowExceptionWhenFrameCannotBeProcessed()" classname="infra.services.impl.JCodecFrameServiceImplTest" time="0.036"/>
  <testcase name="shouldExtractFramesSuccessfully()" classname="infra.services.impl.JCodecFrameServiceImplTest" time="0.001"/>
  <testcase name="shouldThrowExceptionWhenOutputDirCannotBeCreated()" classname="infra.services.impl.JCodecFrameServiceImplTest" time="0.0"/>
  <testcase name="shouldThrowExceptionWhenFrameCannotBeSaved()" classname="infra.services.impl.JCodecFrameServiceImplTest" time="0.062"/>
  <testcase name="shouldThrowExceptionWhenVideoBytesAreNull()" classname="infra.services.impl.JCodecFrameServiceImplTest" time="0.001"/>
  <testcase name="shouldThrowExceptionWhenVideoBytesAreEmpty()" classname="infra.services.impl.JCodecFrameServiceImplTest" time="0.001"/>
  <system-out><![CDATA[]]></system-out>
  <system-err><![CDATA[]]></system-err>
</testsuite>
