<?xml version="1.0" encoding="UTF-8"?>
<testsuite name="infra.configuration.properties.amqp.QueuePropertiesTest" tests="5" skipped="0" failures="0" errors="0" timestamp="2025-04-21T17:49:02" hostname="DESKTOP-224A39E" time="0.008">
  <properties/>
  <testcase name="shouldSetAndGetRoutingKeySuccessfully()" classname="infra.configuration.properties.amqp.QueuePropertiesTest" time="0.0"/>
  <testcase name="shouldReturnCorrectStringRepresentation()" classname="infra.configuration.properties.amqp.QueuePropertiesTest" time="0.005"/>
  <testcase name="shouldSetAndGetExchangeSuccessfully()" classname="infra.configuration.properties.amqp.QueuePropertiesTest" time="0.001"/>
  <testcase name="shouldSetAndGetQueueSuccessfully()" classname="infra.configuration.properties.amqp.QueuePropertiesTest" time="0.001"/>
  <testcase name="shouldLogPropertiesAfterInitialization()" classname="infra.configuration.properties.amqp.QueuePropertiesTest" time="0.001"/>
  <system-out><![CDATA[]]></system-out>
  <system-err><![CDATA[]]></system-err>
</testsuite>
