<?xml version="1.0" encoding="UTF-8"?>
<testsuite name="infra.conversor.model.RabbitConversorRequestTest" tests="3" skipped="0" failures="0" errors="0" timestamp="2025-04-21T17:49:02" hostname="DESKTOP-224A39E" time="0.049">
  <properties/>
  <testcase name="shouldSerializeToJson()" classname="infra.conversor.model.RabbitConversorRequestTest" time="0.035"/>
  <testcase name="shouldHandleMissingOptionalFields()" classname="infra.conversor.model.RabbitConversorRequestTest" time="0.008"/>
  <testcase name="shouldDeserializeValidJson()" classname="infra.conversor.model.RabbitConversorRequestTest" time="0.006"/>
  <system-out><![CDATA[]]></system-out>
  <system-err><![CDATA[]]></system-err>
</testsuite>
