<?xml version="1.0" encoding="UTF-8"?>
<testsuite name="application.conversor.ConversorVideoUseCaseTest" tests="1" skipped="0" failures="0" errors="0" timestamp="2025-04-21T17:48:59" hostname="DESKTOP-224A39E" time="0.083">
  <properties/>
  <testcase name="shouldExecuteUseCaseWithValidCommand()" classname="application.conversor.ConversorVideoUseCaseTest" time="0.083"/>
  <system-out><![CDATA[]]></system-out>
  <system-err><![CDATA[]]></system-err>
</testsuite>
