<?xml version="1.0" encoding="UTF-8"?>
<testsuite name="application.conversor.ConversorVideoCommandTest" tests="5" skipped="0" failures="0" errors="0" timestamp="2025-04-21T17:48:57" hostname="DESKTOP-224A39E" time="0.049">
  <properties/>
  <testcase name="shouldThrowExceptionWhenIdIsNull()" classname="application.conversor.ConversorVideoCommandTest" time="0.037"/>
  <testcase name="shouldThrowExceptionWhenFilePathIsNull()" classname="application.conversor.ConversorVideoCommandTest" time="0.0"/>
  <testcase name="shouldThrowExceptionWhenResourceIdIsNull()" classname="application.conversor.ConversorVideoCommandTest" time="0.002"/>
  <testcase name="shouldCreateCommandWithValidParameters()" classname="application.conversor.ConversorVideoCommandTest" time="0.005"/>
  <testcase name="shouldThrowExceptionWhenClientIdIsNull()" classname="application.conversor.ConversorVideoCommandTest" time="0.001"/>
  <system-out><![CDATA[]]></system-out>
  <system-err><![CDATA[]]></system-err>
</testsuite>
