<?xml version="1.0" encoding="UTF-8"?>
<testsuite name="domain.events.DomainEventSupportTest" tests="4" skipped="0" failures="0" errors="0" timestamp="2025-04-21T17:48:59" hostname="DESKTOP-224A39E" time="0.096">
  <properties/>
  <testcase name="shouldPublishAllDomainEventsAndClearList()" classname="domain.events.DomainEventSupportTest" time="0.087"/>
  <testcase name="shouldNotThrowExceptionWhenPublisherIsNull()" classname="domain.events.DomainEventSupportTest" time="0.002"/>
  <testcase name="shouldReturnUnmodifiableListOfDomainEvents()" classname="domain.events.DomainEventSupportTest" time="0.002"/>
  <testcase name="shouldAddEventToDomainEvents()" classname="domain.events.DomainEventSupportTest" time="0.002"/>
  <system-out><![CDATA[]]></system-out>
  <system-err><![CDATA[]]></system-err>
</testsuite>
