<?xml version="1.0" encoding="UTF-8"?>
<testsuite name="domain.resource.ResourceTest" tests="6" skipped="0" failures="0" errors="0" timestamp="2025-04-21T17:48:59" hostname="DESKTOP-224A39E" time="0.019">
  <properties/>
  <testcase name="shouldThrowExceptionWhenNameIsNull()" classname="domain.resource.ResourceTest" time="0.001"/>
  <testcase name="shouldThrowExceptionWhenFilePathIsNull()" classname="domain.resource.ResourceTest" time="0.001"/>
  <testcase name="shouldThrowExceptionWhenFolderPathIsNull()" classname="domain.resource.ResourceTest" time="0.002"/>
  <testcase name="shouldCreateResourceWithValidParameters()" classname="domain.resource.ResourceTest" time="0.007"/>
  <testcase name="shouldThrowExceptionWhenContentTypeIsNull()" classname="domain.resource.ResourceTest" time="0.002"/>
  <testcase name="shouldThrowExceptionWhenContentIsNull()" classname="domain.resource.ResourceTest" time="0.001"/>
  <system-out><![CDATA[]]></system-out>
  <system-err><![CDATA[]]></system-err>
</testsuite>
