<?xml version="1.0" encoding="UTF-8"?>
<testsuite name="domain.conversor.ConversorVideoErrorTest" tests="6" skipped="0" failures="0" errors="0" timestamp="2025-04-21T17:48:59" hostname="DESKTOP-224A39E" time="0.015">
  <properties/>
  <testcase name="shouldThrowExceptionWhenIdIsNull()" classname="domain.conversor.ConversorVideoErrorTest" time="0.002"/>
  <testcase name="shouldReturnCorrectStringRepresentation()" classname="domain.conversor.ConversorVideoErrorTest" time="0.004"/>
  <testcase name="shouldThrowExceptionWhenVideoResourceIsNull()" classname="domain.conversor.ConversorVideoErrorTest" time="0.001"/>
  <testcase name="shouldCreateErrorEventWithValidParameters()" classname="domain.conversor.ConversorVideoErrorTest" time="0.001"/>
  <testcase name="shouldThrowExceptionWhenResourceIdIsNull()" classname="domain.conversor.ConversorVideoErrorTest" time="0.001"/>
  <testcase name="shouldThrowExceptionWhenMessageIsNull()" classname="domain.conversor.ConversorVideoErrorTest" time="0.001"/>
  <system-out><![CDATA[]]></system-out>
  <system-err><![CDATA[]]></system-err>
</testsuite>
