<?xml version="1.0" encoding="UTF-8"?>
<testsuite name="infra.configuration.amqp.AmqpConfigurationTest" tests="6" skipped="0" failures="0" errors="0" timestamp="2025-04-21T17:49:02" hostname="DESKTOP-224A39E" time="0.03">
  <properties/>
  <testcase name="shouldCreateConversorRequestQueueSuccessfully()" classname="infra.configuration.amqp.AmqpConfigurationTest" time="0.012"/>
  <testcase name="shouldCreateConversorRequestExchangeSuccessfully()" classname="infra.configuration.amqp.AmqpConfigurationTest" time="0.003"/>
  <testcase name="shouldCreateConversorResponseQueuePropertiesSuccessfully()" classname="infra.configuration.amqp.AmqpConfigurationTest" time="0.0"/>
  <testcase name="shouldCreateConversorRequestQueuePropertiesSuccessfully()" classname="infra.configuration.amqp.AmqpConfigurationTest" time="0.001"/>
  <testcase name="shouldCreateConversorResponseQueueSuccessfully()" classname="infra.configuration.amqp.AmqpConfigurationTest" time="0.004"/>
  <testcase name="shouldCreateConversorResponseExchangeSuccessfully()" classname="infra.configuration.amqp.AmqpConfigurationTest" time="0.002"/>
  <system-out><![CDATA[]]></system-out>
  <system-err><![CDATA[]]></system-err>
</testsuite>
