<?xml version="1.0" encoding="UTF-8"?>
<testsuite name="infra.configuration.CompressFileConfigurationTest" tests="1" skipped="0" failures="0" errors="0" timestamp="2025-04-21T17:49:00" hostname="DESKTOP-224A39E" time="0.036">
  <properties/>
  <testcase name="shouldCreateCompressFileServiceBeanSuccessfully()" classname="infra.configuration.CompressFileConfigurationTest" time="0.036"/>
  <system-out><![CDATA[]]></system-out>
  <system-err><![CDATA[]]></system-err>
</testsuite>
